<?xml version="1.0" encoding="UTF-8"?>
<!-- Generated by org.testng.reporters.JUnitReportReporter -->
<testsuite skipped="0" hostname="CSLH1613" name="testCases.POMDP" tests="5" failures="0" timestamp="2020-10-22T08:25:15 IST" time="38.747" errors="0">
  <testcase name="google" time="19.200" classname="testCases.POMDP"/>
  <system-out/>
  <testcase name="homePage" time="19.542" classname="testCases.POMDP"/>
  <system-out/>
  <testcase name="custdetailsPage" time="0.002" classname="testCases.POMDP"/>
  <system-out/>
  <testcase name="custdetailsPage" time="0.001" classname="testCases.POMDP"/>
  <system-out/>
  <testcase name="custdetailsPage" time="0.002" classname="testCases.POMDP"/>
  <system-out/>
</testsuite> <!-- testCases.POMDP -->
