<?xml version="1.0" encoding="UTF-8"?>
<!-- Generated by org.testng.reporters.JUnitReportReporter -->
<testsuite skipped="0" hostname="CSLH1613" name="testCases.commoncase" tests="1" failures="0" timestamp="2020-10-21T07:42:16 IST" time="74.970" errors="0">
  <testcase name="allCases" time="74.970" classname="testCases.commoncase"/>
  <system-out/>
</testsuite> <!-- testCases.commoncase -->
