<?xml version="1.0" encoding="UTF-8"?>
<!-- Generated by org.testng.reporters.JUnitReportReporter -->
<testsuite skipped="0" hostname="CSLH1613" name="testCases.POMDP" tests="5" failures="0" timestamp="2020-10-23T12:37:56 IST" time="46.383" errors="0">
  <testcase name="google" time="21.849" classname="testCases.POMDP"/>
  <system-out/>
  <testcase name="homePage" time="24.529" classname="testCases.POMDP"/>
  <system-out/>
  <testcase name="custdetailsPage" time="0.003" classname="testCases.POMDP"/>
  <system-out/>
  <testcase name="custdetailsPage" time="0.001" classname="testCases.POMDP"/>
  <system-out/>
  <testcase name="custdetailsPage" time="0.001" classname="testCases.POMDP"/>
  <system-out/>
</testsuite> <!-- testCases.POMDP -->
