<?xml version="1.0" encoding="UTF-8"?>
<!-- Generated by org.testng.reporters.JUnitReportReporter -->
<testsuite skipped="0" hostname="CSLH1613" name="testCases.POMDP" tests="5" failures="0" timestamp="2020-10-23T12:14:32 IST" time="47.659" errors="0">
  <testcase name="google" time="20.116" classname="testCases.POMDP"/>
  <system-out/>
  <testcase name="homePage" time="27.536" classname="testCases.POMDP"/>
  <system-out/>
  <testcase name="custdetailsPage" time="0.003" classname="testCases.POMDP"/>
  <system-out/>
  <testcase name="custdetailsPage" time="0.002" classname="testCases.POMDP"/>
  <system-out/>
  <testcase name="custdetailsPage" time="0.002" classname="testCases.POMDP"/>
  <system-out/>
</testsuite> <!-- testCases.POMDP -->
