<?xml version="1.0" encoding="UTF-8"?>
<!-- Generated by org.testng.reporters.JUnitReportReporter -->
<testsuite skipped="0" hostname="CSLH1613" name="testCases.POMCase" tests="3" failures="0" timestamp="2020-10-21T08:12:03 IST" time="75.528" errors="0">
  <testcase name="google" time="38.909" classname="testCases.POMCase"/>
  <system-out/>
  <testcase name="homePage" time="22.820" classname="testCases.POMCase"/>
  <system-out/>
  <testcase name="custDetailsPage" time="13.799" classname="testCases.POMCase"/>
  <system-out/>
</testsuite> <!-- testCases.POMCase -->
