<?xml version="1.0" encoding="UTF-8"?>
<!-- Generated by org.testng.reporters.JUnitReportReporter -->
<testsuite skipped="0" hostname="CSLH1613" name="testCases.POMDP2" tests="5" failures="0" timestamp="2020-10-24T13:24:51 IST" time="19.925" errors="0">
  <testcase name="google" time="6.747" classname="testCases.POMDP2"/>
  <system-out/>
  <testcase name="homePage" time="13.172" classname="testCases.POMDP2"/>
  <system-out/>
  <testcase name="custdetailsPage" time="0.002" classname="testCases.POMDP2"/>
  <system-out/>
  <testcase name="custdetailsPage" time="0.002" classname="testCases.POMDP2"/>
  <system-out/>
  <testcase name="custdetailsPage" time="0.002" classname="testCases.POMDP2"/>
  <system-out/>
</testsuite> <!-- testCases.POMDP2 -->
